Copyright 1986-2020 Xilinx, Inc. All Rights Reserved.
--------------------------------------------------------------------------------------------------------------------------------------------------------------------------------------------
| Tool Version : Vivado v.2020.2 (win64) Build 3064766 Wed Nov 18 09:12:45 MST 2020
| Date         : Thu Apr  8 20:25:44 2021
| Host         : DESKTOP-0332GNA running 64-bit major release  (build 9200)
| Command      : report_timing_summary -max_paths 10 -file Vending_timing_summary_routed.rpt -pb Vending_timing_summary_routed.pb -rpx Vending_timing_summary_routed.rpx -warn_on_violation
| Design       : Vending
| Device       : xa7a100t-csg324
| Speed File   : -1I  PRODUCTION 1.16 2018-06-13
--------------------------------------------------------------------------------------------------------------------------------------------------------------------------------------------

Timing Summary Report

------------------------------------------------------------------------------------------------
| Timer Settings
| --------------
------------------------------------------------------------------------------------------------

  Enable Multi Corner Analysis               :  Yes
  Enable Pessimism Removal                   :  Yes
  Pessimism Removal Resolution               :  Nearest Common Node
  Enable Input Delay Default Clock           :  No
  Enable Preset / Clear Arcs                 :  No
  Disable Flight Delays                      :  No
  Ignore I/O Paths                           :  No
  Timing Early Launch at Borrowing Latches   :  No
  Borrow Time for Max Delay Exceptions       :  Yes
  Merge Timing Exceptions                    :  Yes

  Corner  Analyze    Analyze    
  Name    Max Paths  Min Paths  
  ------  ---------  ---------  
  Slow    Yes        Yes        
  Fast    Yes        Yes        



check_timing report

Table of Contents
-----------------
1. checking no_clock (254)
2. checking constant_clock (0)
3. checking pulse_width_clock (0)
4. checking unconstrained_internal_endpoints (93)
5. checking no_input_delay (5)
6. checking no_output_delay (15)
7. checking multiple_clock (0)
8. checking generated_clocks (0)
9. checking loops (0)
10. checking partial_input_delay (0)
11. checking partial_output_delay (0)
12. checking latch_loops (0)

1. checking no_clock (254)
--------------------------
 There are 50 register/latch pins with no clock driven by root clock pin: Clock (HIGH)

 There are 6 register/latch pins with no clock driven by root clock pin: D1/r_reg_reg[0]/Q (HIGH)

 There are 6 register/latch pins with no clock driven by root clock pin: D1/r_reg_reg[10]/Q (HIGH)

 There are 6 register/latch pins with no clock driven by root clock pin: D1/r_reg_reg[11]/Q (HIGH)

 There are 6 register/latch pins with no clock driven by root clock pin: D1/r_reg_reg[12]/Q (HIGH)

 There are 6 register/latch pins with no clock driven by root clock pin: D1/r_reg_reg[13]/Q (HIGH)

 There are 6 register/latch pins with no clock driven by root clock pin: D1/r_reg_reg[14]/Q (HIGH)

 There are 6 register/latch pins with no clock driven by root clock pin: D1/r_reg_reg[15]/Q (HIGH)

 There are 6 register/latch pins with no clock driven by root clock pin: D1/r_reg_reg[16]/Q (HIGH)

 There are 6 register/latch pins with no clock driven by root clock pin: D1/r_reg_reg[17]/Q (HIGH)

 There are 6 register/latch pins with no clock driven by root clock pin: D1/r_reg_reg[18]/Q (HIGH)

 There are 6 register/latch pins with no clock driven by root clock pin: D1/r_reg_reg[19]/Q (HIGH)

 There are 6 register/latch pins with no clock driven by root clock pin: D1/r_reg_reg[1]/Q (HIGH)

 There are 6 register/latch pins with no clock driven by root clock pin: D1/r_reg_reg[20]/Q (HIGH)

 There are 6 register/latch pins with no clock driven by root clock pin: D1/r_reg_reg[21]/Q (HIGH)

 There are 6 register/latch pins with no clock driven by root clock pin: D1/r_reg_reg[22]/Q (HIGH)

 There are 6 register/latch pins with no clock driven by root clock pin: D1/r_reg_reg[23]/Q (HIGH)

 There are 6 register/latch pins with no clock driven by root clock pin: D1/r_reg_reg[24]/Q (HIGH)

 There are 6 register/latch pins with no clock driven by root clock pin: D1/r_reg_reg[25]/Q (HIGH)

 There are 6 register/latch pins with no clock driven by root clock pin: D1/r_reg_reg[26]/Q (HIGH)

 There are 6 register/latch pins with no clock driven by root clock pin: D1/r_reg_reg[27]/Q (HIGH)

 There are 6 register/latch pins with no clock driven by root clock pin: D1/r_reg_reg[28]/Q (HIGH)

 There are 6 register/latch pins with no clock driven by root clock pin: D1/r_reg_reg[29]/Q (HIGH)

 There are 6 register/latch pins with no clock driven by root clock pin: D1/r_reg_reg[2]/Q (HIGH)

 There are 6 register/latch pins with no clock driven by root clock pin: D1/r_reg_reg[30]/Q (HIGH)

 There are 6 register/latch pins with no clock driven by root clock pin: D1/r_reg_reg[31]/Q (HIGH)

 There are 6 register/latch pins with no clock driven by root clock pin: D1/r_reg_reg[3]/Q (HIGH)

 There are 6 register/latch pins with no clock driven by root clock pin: D1/r_reg_reg[4]/Q (HIGH)

 There are 6 register/latch pins with no clock driven by root clock pin: D1/r_reg_reg[5]/Q (HIGH)

 There are 6 register/latch pins with no clock driven by root clock pin: D1/r_reg_reg[6]/Q (HIGH)

 There are 6 register/latch pins with no clock driven by root clock pin: D1/r_reg_reg[7]/Q (HIGH)

 There are 6 register/latch pins with no clock driven by root clock pin: D1/r_reg_reg[8]/Q (HIGH)

 There are 6 register/latch pins with no clock driven by root clock pin: D1/r_reg_reg[9]/Q (HIGH)

 There are 3 register/latch pins with no clock driven by root clock pin: F1/hex1_reg[1]_P/Q (HIGH)

 There are 3 register/latch pins with no clock driven by root clock pin: F1/hex1_reg[2]_P/Q (HIGH)

 There are 3 register/latch pins with no clock driven by root clock pin: M1/q_reg_reg[16]/Q (HIGH)

 There are 3 register/latch pins with no clock driven by root clock pin: M1/q_reg_reg[17]/Q (HIGH)


2. checking constant_clock (0)
------------------------------
 There are 0 register/latch pins with constant_clock.


3. checking pulse_width_clock (0)
---------------------------------
 There are 0 register/latch pins which need pulse_width check


4. checking unconstrained_internal_endpoints (93)
-------------------------------------------------
 There are 93 pins that are not constrained for maximum delay. (HIGH)

 There are 0 pins that are not constrained for maximum delay due to constant clock.


5. checking no_input_delay (5)
------------------------------
 There are 5 input ports with no input delay specified. (HIGH)

 There are 0 input ports with no input delay but user has a false path constraint.


6. checking no_output_delay (15)
--------------------------------
 There are 15 ports with no output delay specified. (HIGH)

 There are 0 ports with no output delay but user has a false path constraint

 There are 0 ports with no output delay but with a timing clock defined on it or propagating through it


7. checking multiple_clock (0)
------------------------------
 There are 0 register/latch pins with multiple clocks.


8. checking generated_clocks (0)
--------------------------------
 There are 0 generated clocks that are not connected to a clock source.


9. checking loops (0)
---------------------
 There are 0 combinational loops in the design.


10. checking partial_input_delay (0)
------------------------------------
 There are 0 input ports with partial input delay specified.


11. checking partial_output_delay (0)
-------------------------------------
 There are 0 ports with partial output delay specified.


12. checking latch_loops (0)
----------------------------
 There are 0 combinational latch loops in the design through latch input



------------------------------------------------------------------------------------------------
| Design Timing Summary
| ---------------------
------------------------------------------------------------------------------------------------

    WNS(ns)      TNS(ns)  TNS Failing Endpoints  TNS Total Endpoints      WHS(ns)      THS(ns)  THS Failing Endpoints  THS Total Endpoints     WPWS(ns)     TPWS(ns)  TPWS Failing Endpoints  TPWS Total Endpoints  
    -------      -------  ---------------------  -------------------      -------      -------  ---------------------  -------------------     --------     --------  ----------------------  --------------------  
         NA           NA                     NA                   NA           NA           NA                     NA                   NA           NA           NA                      NA                    NA  


There are no user specified timing constraints.


------------------------------------------------------------------------------------------------
| Clock Summary
| -------------
------------------------------------------------------------------------------------------------


------------------------------------------------------------------------------------------------
| Intra Clock Table
| -----------------
------------------------------------------------------------------------------------------------

Clock             WNS(ns)      TNS(ns)  TNS Failing Endpoints  TNS Total Endpoints      WHS(ns)      THS(ns)  THS Failing Endpoints  THS Total Endpoints     WPWS(ns)     TPWS(ns)  TPWS Failing Endpoints  TPWS Total Endpoints  
-----             -------      -------  ---------------------  -------------------      -------      -------  ---------------------  -------------------     --------     --------  ----------------------  --------------------  


------------------------------------------------------------------------------------------------
| Inter Clock Table
| -----------------
------------------------------------------------------------------------------------------------

From Clock    To Clock          WNS(ns)      TNS(ns)  TNS Failing Endpoints  TNS Total Endpoints      WHS(ns)      THS(ns)  THS Failing Endpoints  THS Total Endpoints  
----------    --------          -------      -------  ---------------------  -------------------      -------      -------  ---------------------  -------------------  


------------------------------------------------------------------------------------------------
| Other Path Groups Table
| -----------------------
------------------------------------------------------------------------------------------------

Path Group    From Clock    To Clock          WNS(ns)      TNS(ns)  TNS Failing Endpoints  TNS Total Endpoints      WHS(ns)      THS(ns)  THS Failing Endpoints  THS Total Endpoints  
----------    ----------    --------          -------      -------  ---------------------  -------------------      -------      -------  ---------------------  -------------------  


------------------------------------------------------------------------------------------------
| Timing Details
| --------------
------------------------------------------------------------------------------------------------


